0 info it worked if it ends with ok
1 verbose cli [ '/usr/local/bin/node', '/usr/local/bin/npm', 'run', 'dev' ]
2 info using npm@3.10.3
3 info using node@v6.5.0
4 verbose run-script [ 'predev', 'dev', 'postdev' ]
5 info lifecycle wrigt-test@0.1.0~predev: wrigt-test@0.1.0
6 silly lifecycle wrigt-test@0.1.0~predev: no script for predev, continuing
7 info lifecycle wrigt-test@0.1.0~dev: wrigt-test@0.1.0
8 verbose lifecycle wrigt-test@0.1.0~dev: unsafe-perm in lifecycle true
9 verbose lifecycle wrigt-test@0.1.0~dev: PATH: /usr/local/lib/node_modules/npm/bin/node-gyp-bin:/Users/constantin/Sites/wright-test/node_modules/.bin:/usr/local/bin:/usr/local/sbin:/usr/local/sbin:/usr/local/bin:/usr/bin:/bin:/usr/sbin:/sbin:/usr/local/go/bin:/opt/ImageMagick/bin
10 verbose lifecycle wrigt-test@0.1.0~dev: CWD: /Users/constantin/Sites/wright-test
11 silly lifecycle wrigt-test@0.1.0~dev: Args: [ '-c', 'node tasks/wright.dev.js' ]
12 silly lifecycle wrigt-test@0.1.0~dev: Returned: code: 1  signal: null
13 info lifecycle wrigt-test@0.1.0~dev: Failed to exec dev script
14 verbose stack Error: wrigt-test@0.1.0 dev: `node tasks/wright.dev.js`
14 verbose stack Exit status 1
14 verbose stack     at EventEmitter.<anonymous> (/usr/local/lib/node_modules/npm/lib/utils/lifecycle.js:242:16)
14 verbose stack     at emitTwo (events.js:106:13)
14 verbose stack     at EventEmitter.emit (events.js:191:7)
14 verbose stack     at ChildProcess.<anonymous> (/usr/local/lib/node_modules/npm/lib/utils/spawn.js:40:14)
14 verbose stack     at emitTwo (events.js:106:13)
14 verbose stack     at ChildProcess.emit (events.js:191:7)
14 verbose stack     at maybeClose (internal/child_process.js:877:16)
14 verbose stack     at Process.ChildProcess._handle.onexit (internal/child_process.js:226:5)
15 verbose pkgid wrigt-test@0.1.0
16 verbose cwd /Users/constantin/Sites/wright-test
17 error Darwin 15.6.0
18 error argv "/usr/local/bin/node" "/usr/local/bin/npm" "run" "dev"
19 error node v6.5.0
20 error npm  v3.10.3
21 error code ELIFECYCLE
22 error wrigt-test@0.1.0 dev: `node tasks/wright.dev.js`
22 error Exit status 1
23 error Failed at the wrigt-test@0.1.0 dev script 'node tasks/wright.dev.js'.
23 error Make sure you have the latest version of node.js and npm installed.
23 error If you do, this is most likely a problem with the wrigt-test package,
23 error not with npm itself.
23 error Tell the author that this fails on your system:
23 error     node tasks/wright.dev.js
23 error You can get information on how to open an issue for this project with:
23 error     npm bugs wrigt-test
23 error Or if that isn't available, you can get their info via:
23 error     npm owner ls wrigt-test
23 error There is likely additional logging output above.
24 verbose exit [ 1, true ]
